#
# A fatal error has been detected by the Java Runtime Environment:
#
#  EXCEPTION_ACCESS_VIOLATION (0xc0000005) at pc=0x0000000054b4ad60, pid=8884, tid=0x0000000000002ec8
#
# JRE version: Java(TM) SE Runtime Environment (8.0_102-b14) (build 1.8.0_102-b14)
# Java VM: Java HotSpot(TM) 64-Bit Server VM (25.102-b14 mixed mode windows-amd64 compressed oops)
# Problematic frame:
# V  [jvm.dll+0x13ad60]
#
# Failed to write core dump. Minidumps are not enabled by default on client versions of Windows
#
# If you would like to submit a bug report, please visit:
#   http://bugreport.java.com/bugreport/crash.jsp
#

---------------  T H R E A D  ---------------

Current thread (0x000000000253e000):  JavaThread "main" [_thread_in_vm, id=11976, stack(0x0000000002970000,0x0000000002a70000)]

siginfo: ExceptionCode=0xc0000005, reading address 0x000020001bb36fb0

Registers:
RAX=0x000000000255c820, RBX=0x000000001ba9ca70, RCX=0x000020001bb36fb0, RDX=0x000000001c061fff
RSP=0x0000000002a6ca38, RBP=0x00000000417d1b51, RSI=0x000020001bb36fb0, RDI=0x0000000000000001
R8 =0x0000000000000027, R9 =0x0000000000000027, R10=0x0000000054a10000, R11=0x00000000417d1b51
R12=0x0000000000000027, R13=0x000000001c061fff, R14=0x000000000254f7f0, R15=0x000000001c061fff
RIP=0x0000000054b4ad60, EFLAGS=0x0000000000010246

Top of Stack: (sp=0x0000000002a6ca38)
0x0000000002a6ca38:   0000000054a86678 0000000002a6cb80
0x0000000002a6ca48:   0000000002a6cc00 0000000002a6cbc0
0x0000000002a6ca58:   ffffffffffffffe0 000000000000004c
0x0000000002a6ca68:   000000000000004c 0000000002a6d260
0x0000000002a6ca78:   0000000054a86754 0000000000000027
0x0000000002a6ca88:   0000000002a6cbc0 0000000002a6cb40
0x0000000002a6ca98:   000000001c061fff 00000000417d1b51
0x0000000002a6caa8:   0000000002a6d260 0000000000000027
0x0000000002a6cab8:   0000000054a64919 0000000000000027
0x0000000002a6cac8:   000000000253e000 0000000002a6cbc0
0x0000000002a6cad8:   000000000253e000 0000000002a6cc00
0x0000000002a6cae8:   0000000002a6cbc0 0000000002a6cbe0
0x0000000002a6caf8:   000000000253e000 00000000ffff2700
0x0000000002a6cb08:   000000d000000001 000000000000a400
0x0000000002a6cb18:   000000001c061af0 000000001c0631ed
0x0000000002a6cb28:   000000001c062026 0000000002a6d620 

Instructions: (pc=0x0000000054b4ad60)
0x0000000054b4ad40:   83 c4 30 5f c3 cc cc cc cc cc cc cc cc cc cc cc
0x0000000054b4ad50:   ba 07 00 00 00 e9 46 31 0e 00 cc cc cc cc cc cc
0x0000000054b4ad60:   0f b7 01 4c 8b ca 4c 8b d1 41 3b c0 74 03 32 c0
0x0000000054b4ad70:   c3 48 8b d0 85 c0 7e 1e 48 8d 4c 08 08 4d 2b ca 


Register to memory mapping:

RAX=0x000000000255c820 is an unknown value
RBX=0x000000001ba9ca70 is an unknown value
RCX=0x000020001bb36fb0 is an unknown value
RDX=0x000000001c061fff is an unknown value
RSP=0x0000000002a6ca38 is pointing into the stack for thread: 0x000000000253e000
RBP=0x00000000417d1b51 is an unknown value
RSI=0x000020001bb36fb0 is an unknown value
RDI=0x0000000000000001 is an unknown value
R8 =0x0000000000000027 is an unknown value
R9 =0x0000000000000027 is an unknown value
R10=0x0000000054a10000 is an unknown value
R11=0x00000000417d1b51 is an unknown value
R12=0x0000000000000027 is an unknown value
R13=0x000000001c061fff is an unknown value
R14=0x000000000254f7f0 is an unknown value
R15=0x000000001c061fff is an unknown value


Stack: [0x0000000002970000,0x0000000002a70000],  sp=0x0000000002a6ca38,  free space=1010k
Native frames: (J=compiled Java code, j=interpreted, Vv=VM code, C=native code)
V  [jvm.dll+0x13ad60]

Java frames: (J=compiled Java code, j=interpreted, Vv=VM code)
J 821  java.lang.ClassLoader.defineClass1(Ljava/lang/String;[BIILjava/security/ProtectionDomain;Ljava/lang/String;)Ljava/lang/Class; (0 bytes) @ 0x0000000002cc085f [0x0000000002cc07c0+0x9f]
J 591 C1 java.lang.ClassLoader.defineClass(Ljava/lang/String;[BIILjava/security/ProtectionDomain;)Ljava/lang/Class; (43 bytes) @ 0x0000000002c7495c [0x0000000002c74860+0xfc]
J 594 C1 java.net.URLClassLoader.defineClass(Ljava/lang/String;Lsun/misc/Resource;)Ljava/lang/Class; (142 bytes) @ 0x0000000002c76f4c [0x0000000002c76580+0x9cc]
J 539 C1 java.net.URLClassLoader$1.run()Ljava/lang/Class; (63 bytes) @ 0x0000000002c5e8b4 [0x0000000002c5e800+0xb4]
J 538 C1 java.net.URLClassLoader$1.run()Ljava/lang/Object; (5 bytes) @ 0x0000000002c5e4d4 [0x0000000002c5e4a0+0x34]
v  ~StubRoutines::call_stub
J 537  java.security.AccessController.doPrivileged(Ljava/security/PrivilegedExceptionAction;Ljava/security/AccessControlContext;)Ljava/lang/Object; (0 bytes) @ 0x0000000002c5cfe6 [0x0000000002c5cf80+0x66]
J 535 C1 java.net.URLClassLoader.findClass(Ljava/lang/String;)Ljava/lang/Class; (47 bytes) @ 0x0000000002c5dc74 [0x0000000002c5dbc0+0xb4]
J 458 C1 java.lang.ClassLoader.loadClass(Ljava/lang/String;Z)Ljava/lang/Class; (122 bytes) @ 0x0000000002c30464 [0x0000000002c30160+0x304]
J 523 C1 sun.misc.Launcher$AppClassLoader.loadClass(Ljava/lang/String;Z)Ljava/lang/Class; (85 bytes) @ 0x0000000002c58984 [0x0000000002c586a0+0x2e4]
J 521 C1 java.lang.ClassLoader.loadClass(Ljava/lang/String;)Ljava/lang/Class; (7 bytes) @ 0x0000000002c58364 [0x0000000002c58320+0x44]
J 1784 C1 org.springframework.util.ClassUtils.forName(Ljava/lang/String;Ljava/lang/ClassLoader;)Ljava/lang/Class; (268 bytes) @ 0x0000000002e873bc [0x0000000002e87080+0x33c]
j  org.springframework.boot.autoconfigure.condition.OnBeanCondition$BeanSearchSpec.addDeducedBeanTypeForBeanMethod(Lorg/springframework/context/annotation/ConditionContext;Lorg/springframework/core/type/MethodMetadata;Ljava/util/List;)V+12
j  org.springframework.boot.autoconfigure.condition.OnBeanCondition$BeanSearchSpec.addDeducedBeanType(Lorg/springframework/context/annotation/ConditionContext;Lorg/springframework/core/type/AnnotatedTypeMetadata;Ljava/util/List;)V+28
j  org.springframework.boot.autoconfigure.condition.OnBeanCondition$BeanSearchSpec.<init>(Lorg/springframework/context/annotation/ConditionContext;Lorg/springframework/core/type/AnnotatedTypeMetadata;Ljava/lang/Class;)V+196
j  org.springframework.boot.autoconfigure.condition.OnBeanCondition.getMatchOutcome(Lorg/springframework/context/annotation/ConditionContext;Lorg/springframework/core/type/AnnotatedTypeMetadata;)Lorg/springframework/boot/autoconfigure/condition/ConditionOutcome;+292
j  org.springframework.boot.autoconfigure.condition.SpringBootCondition.matches(Lorg/springframework/context/annotation/ConditionContext;Lorg/springframework/core/type/AnnotatedTypeMetadata;)Z+8
j  org.springframework.context.annotation.ConditionEvaluator.shouldSkip(Lorg/springframework/core/type/AnnotatedTypeMetadata;Lorg/springframework/context/annotation/ConfigurationCondition$ConfigurationPhase;)Z+235
j  org.springframework.context.annotation.ConfigurationClassBeanDefinitionReader.loadBeanDefinitionsForBeanMethod(Lorg/springframework/context/annotation/BeanMethod;)V+26
j  org.springframework.context.annotation.ConfigurationClassBeanDefinitionReader.loadBeanDefinitionsForConfigurationClass(Lorg/springframework/context/annotation/ConfigurationClass;Lorg/springframework/context/annotation/ConfigurationClassBeanDefinitionReader$TrackedConditionEvaluator;)V+107
j  org.springframework.context.annotation.ConfigurationClassBeanDefinitionReader.loadBeanDefinitions(Ljava/util/Set;)V+41
j  org.springframework.context.annotation.ConfigurationClassPostProcessor.processConfigBeanDefinitions(Lorg/springframework/beans/factory/support/BeanDefinitionRegistry;)V+366
j  org.springframework.context.annotation.ConfigurationClassPostProcessor.postProcessBeanDefinitionRegistry(Lorg/springframework/beans/factory/support/BeanDefinitionRegistry;)V+107
j  org.springframework.context.support.PostProcessorRegistrationDelegate.invokeBeanDefinitionRegistryPostProcessors(Ljava/util/Collection;Lorg/springframework/beans/factory/support/BeanDefinitionRegistry;)V+28
j  org.springframework.context.support.PostProcessorRegistrationDelegate.invokeBeanFactoryPostProcessors(Lorg/springframework/beans/factory/config/ConfigurableListableBeanFactory;Ljava/util/List;)V+229
j  org.springframework.context.support.AbstractApplicationContext.invokeBeanFactoryPostProcessors(Lorg/springframework/beans/factory/config/ConfigurableListableBeanFactory;)V+5
j  org.springframework.context.support.AbstractApplicationContext.refresh()V+28
j  org.springframework.boot.context.embedded.EmbeddedWebApplicationContext.refresh()V+1
j  org.springframework.boot.SpringApplication.refresh(Lorg/springframework/context/ApplicationContext;)V+10
j  org.springframework.boot.SpringApplication.refreshContext(Lorg/springframework/context/ConfigurableApplicationContext;)V+2
j  org.springframework.boot.SpringApplication.run([Ljava/lang/String;)Lorg/springframework/context/ConfigurableApplicationContext;+91
j  org.springframework.boot.SpringApplication.run([Ljava/lang/Object;[Ljava/lang/String;)Lorg/springframework/context/ConfigurableApplicationContext;+9
j  org.springframework.boot.SpringApplication.run(Ljava/lang/Object;[Ljava/lang/String;)Lorg/springframework/context/ConfigurableApplicationContext;+9
j  com.hhf.shopping.manage.ShoppingManageWebApplication.main([Ljava/lang/String;)V+3
v  ~StubRoutines::call_stub

---------------  P R O C E S S  ---------------

Java Threads: ( => current thread )
  0x000000001974d000 JavaThread "RMI TCP Connection(2)-127.0.0.1" daemon [_thread_in_native, id=7380, stack(0x000000001a890000,0x000000001a990000)]
  0x000000001974a800 JavaThread "RMI Scheduler(0)" daemon [_thread_blocked, id=9428, stack(0x000000001b160000,0x000000001b260000)]
  0x00000000196f1800 JavaThread "RMI TCP Connection(1)-127.0.0.1" daemon [_thread_in_native, id=720, stack(0x000000001afe0000,0x000000001b0e0000)]
  0x00000000194cc800 JavaThread "RMI TCP Accept-0" daemon [_thread_in_native, id=9980, stack(0x000000001a9d0000,0x000000001aad0000)]
  0x0000000019477000 JavaThread "RMI TCP Accept-64288" daemon [_thread_in_native, id=5744, stack(0x000000001a650000,0x000000001a750000)]
  0x0000000019476000 JavaThread "RMI TCP Accept-0" daemon [_thread_in_native, id=9812, stack(0x000000001a760000,0x000000001a860000)]
  0x0000000019316800 JavaThread "Service Thread" daemon [_thread_blocked, id=10736, stack(0x000000001a100000,0x000000001a200000)]
  0x00000000192d5800 JavaThread "C1 CompilerThread2" daemon [_thread_blocked, id=7564, stack(0x0000000019e50000,0x0000000019f50000)]
  0x000000001928c000 JavaThread "C2 CompilerThread1" daemon [_thread_blocked, id=8848, stack(0x0000000019f60000,0x000000001a060000)]
  0x000000001907d800 JavaThread "C2 CompilerThread0" daemon [_thread_blocked, id=4864, stack(0x0000000019ca0000,0x0000000019da0000)]
  0x000000001907c000 JavaThread "Monitor Ctrl-Break" daemon [_thread_in_native, id=11972, stack(0x0000000019b10000,0x0000000019c10000)]
  0x0000000018cc6000 JavaThread "Attach Listener" daemon [_thread_blocked, id=12072, stack(0x0000000019130000,0x0000000019230000)]
  0x0000000018cb2800 JavaThread "Signal Dispatcher" daemon [_thread_blocked, id=10776, stack(0x0000000018aa0000,0x0000000018ba0000)]
  0x000000001781f800 JavaThread "Finalizer" daemon [_thread_blocked, id=8924, stack(0x0000000018ba0000,0x0000000018ca0000)]
  0x00000000177d8800 JavaThread "Reference Handler" daemon [_thread_blocked, id=8152, stack(0x0000000018790000,0x0000000018890000)]
=>0x000000000253e000 JavaThread "main" [_thread_in_vm, id=11976, stack(0x0000000002970000,0x0000000002a70000)]

Other Threads:
  0x00000000177d0800 VMThread [stack: 0x00000000188f0000,0x00000000189f0000] [id=11592]
  0x00000000194d3800 WatcherThread [stack: 0x000000001abe0000,0x000000001ace0000] [id=204]

VM state:not at safepoint (normal execution)

VM Mutex/Monitor currently owned by a thread: None

Heap:
 PSYoungGen      total 71680K, used 60599K [0x00000000d5d80000, 0x00000000de980000, 0x0000000100000000)
  eden space 66560K, 83% used [0x00000000d5d80000,0x00000000d93b2db8,0x00000000d9e80000)
  from space 5120K, 99% used [0x00000000d9e80000,0x00000000da37b080,0x00000000da380000)
  to   space 5120K, 0% used [0x00000000de480000,0x00000000de480000,0x00000000de980000)
 ParOldGen       total 87552K, used 5324K [0x0000000081800000, 0x0000000086d80000, 0x00000000d5d80000)
  object space 87552K, 6% used [0x0000000081800000,0x0000000081d332c8,0x0000000086d80000)
 Metaspace       used 20132K, capacity 20526K, committed 20608K, reserved 1067008K
  class space    used 2515K, capacity 2632K, committed 2688K, reserved 1048576K

Card table byte_map: [0x0000000011e30000,0x0000000012230000] byte_map_base: 0x0000000011a24000

Marking Bits: (ParMarkBitMap*) 0x000000005522a6c0
 Begin Bits: [0x0000000012b00000, 0x0000000014aa0000)
 End Bits:   [0x0000000014aa0000, 0x0000000016a40000)

Polling page: 0x0000000000130000

CodeCache: size=245760Kb used=4268Kb max_used=4268Kb free=241491Kb
 bounds [0x0000000002a70000, 0x0000000002ea0000, 0x0000000011a70000]
 total_blobs=2220 nmethods=1830 adapters=302
 compilation: enabled

Compilation events (10 events):
Event: 3.817 Thread 0x00000000192d5800 1826       1       java.net.URLClassLoader$3::hasMoreElements (5 bytes)
Event: 3.818 Thread 0x00000000192d5800 nmethod 1826 0x0000000002e9a190 code [0x0000000002e9a2e0, 0x0000000002e9a408]
Event: 3.818 Thread 0x00000000192d5800 1827       1       java.io.FilterInputStream::close (8 bytes)
Event: 3.818 Thread 0x00000000192d5800 nmethod 1827 0x0000000002e9a490 code [0x0000000002e9a5e0, 0x0000000002e9a728]
Event: 3.818 Thread 0x00000000192d5800 1828       1       java.util.WeakHashMap::newTable (8 bytes)
Event: 3.818 Thread 0x00000000192d5800 nmethod 1828 0x0000000002e9a790 code [0x0000000002e9a8e0, 0x0000000002e9aa70]
Event: 3.819 Thread 0x00000000192d5800 1829   !   1       sun.net.www.protocol.jar.JarURLConnection$JarURLInputStream::close (51 bytes)
Event: 3.819 Thread 0x00000000192d5800 nmethod 1829 0x0000000002e9aad0 code [0x0000000002e9ac60, 0x0000000002e9aec8]
Event: 3.825 Thread 0x00000000192d5800 1830       1       org.springframework.beans.factory.support.AbstractBeanDefinition::getMethodOverrides (5 bytes)
Event: 3.826 Thread 0x00000000192d5800 nmethod 1830 0x0000000002e9b0d0 code [0x0000000002e9b220, 0x0000000002e9b330]

GC Heap History (6 events):
Event: 1.903 GC heap before
{Heap before GC invocations=1 (full 0):
 PSYoungGen      total 38400K, used 33280K [0x00000000d5d80000, 0x00000000d8800000, 0x0000000100000000)
  eden space 33280K, 100% used [0x00000000d5d80000,0x00000000d7e00000,0x00000000d7e00000)
  from space 5120K, 0% used [0x00000000d8300000,0x00000000d8300000,0x00000000d8800000)
  to   space 5120K, 0% used [0x00000000d7e00000,0x00000000d7e00000,0x00000000d8300000)
 ParOldGen       total 87552K, used 0K [0x0000000081800000, 0x0000000086d80000, 0x00000000d5d80000)
  object space 87552K, 0% used [0x0000000081800000,0x0000000081800000,0x0000000086d80000)
 Metaspace       used 9568K, capacity 9742K, committed 9984K, reserved 1058816K
  class space    used 1171K, capacity 1215K, committed 1280K, reserved 1048576K
Event: 1.945 GC heap after
Heap after GC invocations=1 (full 0):
 PSYoungGen      total 38400K, used 4343K [0x00000000d5d80000, 0x00000000da880000, 0x0000000100000000)
  eden space 33280K, 0% used [0x00000000d5d80000,0x00000000d5d80000,0x00000000d7e00000)
  from space 5120K, 84% used [0x00000000d7e00000,0x00000000d823dca0,0x00000000d8300000)
  to   space 5120K, 0% used [0x00000000da380000,0x00000000da380000,0x00000000da880000)
 ParOldGen       total 87552K, used 8K [0x0000000081800000, 0x0000000086d80000, 0x00000000d5d80000)
  object space 87552K, 0% used [0x0000000081800000,0x0000000081802000,0x0000000086d80000)
 Metaspace       used 9568K, capacity 9742K, committed 9984K, reserved 1058816K
  class space    used 1171K, capacity 1215K, committed 1280K, reserved 1048576K
}
Event: 2.619 GC heap before
{Heap before GC invocations=2 (full 0):
 PSYoungGen      total 38400K, used 37623K [0x00000000d5d80000, 0x00000000da880000, 0x0000000100000000)
  eden space 33280K, 100% used [0x00000000d5d80000,0x00000000d7e00000,0x00000000d7e00000)
  from space 5120K, 84% used [0x00000000d7e00000,0x00000000d823dca0,0x00000000d8300000)
  to   space 5120K, 0% used [0x00000000da380000,0x00000000da380000,0x00000000da880000)
 ParOldGen       total 87552K, used 8K [0x0000000081800000, 0x0000000086d80000, 0x00000000d5d80000)
  object space 87552K, 0% used [0x0000000081800000,0x0000000081802000,0x0000000086d80000)
 Metaspace       used 13025K, capacity 13310K, committed 13568K, reserved 1060864K
  class space    used 1646K, capacity 1725K, committed 1792K, reserved 1048576K
Event: 2.792 GC heap after
Heap after GC invocations=2 (full 0):
 PSYoungGen      total 71680K, used 5101K [0x00000000d5d80000, 0x00000000da880000, 0x0000000100000000)
  eden space 66560K, 0% used [0x00000000d5d80000,0x00000000d5d80000,0x00000000d9e80000)
  from space 5120K, 99% used [0x00000000da380000,0x00000000da87b5c0,0x00000000da880000)
  to   space 5120K, 0% used [0x00000000d9e80000,0x00000000d9e80000,0x00000000da380000)
 ParOldGen       total 87552K, used 205K [0x0000000081800000, 0x0000000086d80000, 0x00000000d5d80000)
  object space 87552K, 0% used [0x0000000081800000,0x0000000081833410,0x0000000086d80000)
 Metaspace       used 13025K, capacity 13310K, committed 13568K, reserved 1060864K
  class space    used 1646K, capacity 1725K, committed 1792K, reserved 1048576K
}
Event: 3.399 GC heap before
{Heap before GC invocations=3 (full 0):
 PSYoungGen      total 71680K, used 71661K [0x00000000d5d80000, 0x00000000da880000, 0x0000000100000000)
  eden space 66560K, 100% used [0x00000000d5d80000,0x00000000d9e80000,0x00000000d9e80000)
  from space 5120K, 99% used [0x00000000da380000,0x00000000da87b5c0,0x00000000da880000)
  to   space 5120K, 0% used [0x00000000d9e80000,0x00000000d9e80000,0x00000000da380000)
 ParOldGen       total 87552K, used 205K [0x0000000081800000, 0x0000000086d80000, 0x00000000d5d80000)
  object space 87552K, 0% used [0x0000000081800000,0x0000000081833410,0x0000000086d80000)
 Metaspace       used 18359K, capacity 18718K, committed 18816K, reserved 1064960K
  class space    used 2270K, capacity 2356K, committed 2432K, reserved 1048576K
Event: 3.411 GC heap after
Heap after GC invocations=3 (full 0):
 PSYoungGen      total 71680K, used 5100K [0x00000000d5d80000, 0x00000000de980000, 0x0000000100000000)
  eden space 66560K, 0% used [0x00000000d5d80000,0x00000000d5d80000,0x00000000d9e80000)
  from space 5120K, 99% used [0x00000000d9e80000,0x00000000da37b080,0x00000000da380000)
  to   space 5120K, 0% used [0x00000000de480000,0x00000000de480000,0x00000000de980000)
 ParOldGen       total 87552K, used 5324K [0x0000000081800000, 0x0000000086d80000, 0x00000000d5d80000)
  object space 87552K, 6% used [0x0000000081800000,0x0000000081d332c8,0x0000000086d80000)
 Metaspace       used 18359K, capacity 18718K, committed 18816K, reserved 1064960K
  class space    used 2270K, capacity 2356K, committed 2432K, reserved 1048576K
}

Deoptimization events (0 events):
No events

Internal exceptions (10 events):
Event: 3.442 Thread 0x00000000197e1000 Exception <a 'java/lang/ArrayIndexOutOfBoundsException'> (0x00000000d610e1e8) thrown at [C:\re\workspace\8-2-build-windows-amd64-cygwin\jdk8u102\7268\hotspot\src\share\vm\runtime\sharedRuntime.cpp, line 605]
Event: 3.442 Thread 0x00000000197e1000 Exception <a 'java/lang/ArrayIndexOutOfBoundsException'> (0x00000000d610f900) thrown at [C:\re\workspace\8-2-build-windows-amd64-cygwin\jdk8u102\7268\hotspot\src\share\vm\runtime\sharedRuntime.cpp, line 605]
Event: 3.443 Thread 0x00000000197e1000 Exception <a 'java/lang/ArrayIndexOutOfBoundsException'> (0x00000000d6110e00) thrown at [C:\re\workspace\8-2-build-windows-amd64-cygwin\jdk8u102\7268\hotspot\src\share\vm\runtime\sharedRuntime.cpp, line 605]
Event: 3.447 Thread 0x00000000197e1000 Exception <a 'java/lang/ArrayIndexOutOfBoundsException'> (0x00000000d6230470) thrown at [C:\re\workspace\8-2-build-windows-amd64-cygwin\jdk8u102\7268\hotspot\src\share\vm\runtime\sharedRuntime.cpp, line 605]
Event: 3.448 Thread 0x00000000197e1000 Exception <a 'java/lang/ArrayIndexOutOfBoundsException'> (0x00000000d623e840) thrown at [C:\re\workspace\8-2-build-windows-amd64-cygwin\jdk8u102\7268\hotspot\src\share\vm\runtime\sharedRuntime.cpp, line 605]
Event: 3.449 Thread 0x00000000197e1000 Exception <a 'java/lang/ArrayIndexOutOfBoundsException'> (0x00000000d62502a0) thrown at [C:\re\workspace\8-2-build-windows-amd64-cygwin\jdk8u102\7268\hotspot\src\share\vm\runtime\sharedRuntime.cpp, line 605]
Event: 3.450 Thread 0x00000000197e1000 Exception <a 'java/lang/ArrayIndexOutOfBoundsException'> (0x00000000d6260b88) thrown at [C:\re\workspace\8-2-build-windows-amd64-cygwin\jdk8u102\7268\hotspot\src\share\vm\runtime\sharedRuntime.cpp, line 605]
Event: 3.451 Thread 0x00000000197e1000 Exception <a 'java/lang/ArrayIndexOutOfBoundsException'> (0x00000000d6276008) thrown at [C:\re\workspace\8-2-build-windows-amd64-cygwin\jdk8u102\7268\hotspot\src\share\vm\runtime\sharedRuntime.cpp, line 605]
Event: 3.453 Thread 0x00000000197e1000 Exception <a 'java/lang/ArrayIndexOutOfBoundsException'> (0x00000000d6294178) thrown at [C:\re\workspace\8-2-build-windows-amd64-cygwin\jdk8u102\7268\hotspot\src\share\vm\runtime\sharedRuntime.cpp, line 605]
Event: 3.789 Thread 0x000000000253e000 Exception <a 'java/lang/ArrayIndexOutOfBoundsException'> (0x00000000d8f68cb8) thrown at [C:\re\workspace\8-2-build-windows-amd64-cygwin\jdk8u102\7268\hotspot\src\share\vm\runtime\sharedRuntime.cpp, line 605]

Events (10 events):
Event: 3.824 loading class org/springframework/context/support/ApplicationObjectSupport
Event: 3.824 loading class org/springframework/context/support/ApplicationObjectSupport done
Event: 3.824 loading class org/springframework/boot/autoconfigure/web/ErrorMvcAutoConfiguration$WhitelabelErrorViewConfiguration
Event: 3.824 loading class org/springframework/boot/autoconfigure/web/ErrorMvcAutoConfiguration$WhitelabelErrorViewConfiguration done
Event: 3.825 loading class org/springframework/web/servlet/View
Event: 3.825 loading class org/springframework/web/servlet/View done
Event: 3.825 loading class org/springframework/boot/autoconfigure/web/ErrorMvcAutoConfiguration$DefaultErrorViewResolverConfiguration
Event: 3.825 loading class org/springframework/boot/autoconfigure/web/ErrorMvcAutoConfiguration$DefaultErrorViewResolverConfiguration done
Event: 3.826 loading class org/springframework/boot/autoconfigure/web/DefaultErrorViewResolver
Event: 3.826 loading class org/springframework/boot/autoconfigure/web/DefaultErrorViewResolver done


Dynamic libraries:
0x000000013f2f0000 - 0x000000013f327000 	C:\Program Files\Java\jdk1.8.0_102\bin\java.exe
0x0000000077500000 - 0x000000007769f000 	C:\windows\SYSTEM32\ntdll.dll
0x00000000771a0000 - 0x00000000772bf000 	C:\windows\system32\kernel32.dll
0x000007fefd5a0000 - 0x000007fefd60a000 	C:\windows\system32\KERNELBASE.dll
0x000007feff710000 - 0x000007feff7eb000 	C:\windows\system32\ADVAPI32.dll
0x000007fefdae0000 - 0x000007fefdb7f000 	C:\windows\system32\msvcrt.dll
0x000007fefdb90000 - 0x000007fefdbaf000 	C:\windows\SYSTEM32\sechost.dll
0x000007fefdc10000 - 0x000007fefdd3d000 	C:\windows\system32\RPCRT4.dll
0x0000000077400000 - 0x00000000774fa000 	C:\windows\system32\USER32.dll
0x000007fefe630000 - 0x000007fefe697000 	C:\windows\system32\GDI32.dll
0x000007fefdb80000 - 0x000007fefdb8e000 	C:\windows\system32\LPK.dll
0x000007fefe2c0000 - 0x000007fefe38a000 	C:\windows\system32\USP10.dll
0x000007fefb770000 - 0x000007fefb964000 	C:\windows\WinSxS\amd64_microsoft.windows.common-controls_6595b64144ccf1df_6.0.7601.17514_none_fa396087175ac9ac\COMCTL32.dll
0x000007fefd700000 - 0x000007fefd771000 	C:\windows\system32\SHLWAPI.dll
0x000007fefe900000 - 0x000007fefe92e000 	C:\windows\system32\IMM32.DLL
0x000007fefe520000 - 0x000007fefe629000 	C:\windows\system32\MSCTF.dll
0x000007fefd170000 - 0x000007fefd1a2000 	C:\Windows\system32\nvinitx.dll
0x000007fefd160000 - 0x000007fefd16c000 	C:\windows\system32\VERSION.dll
0x0000000074d10000 - 0x0000000074d16000 	C:\Program Files\NVIDIA Corporation\CoProcManager\detoured.dll
0x000007fefb1d0000 - 0x000007fefb208000 	C:\Program Files\NVIDIA Corporation\CoProcManager\nvd3d9wrapx.dll
0x000007fefe6a0000 - 0x000007fefe877000 	C:\windows\system32\SETUPAPI.dll
0x000007fefd260000 - 0x000007fefd296000 	C:\windows\system32\CFGMGR32.dll
0x000007fefd780000 - 0x000007fefd85a000 	C:\windows\system32\OLEAUT32.dll
0x000007fefe010000 - 0x000007fefe213000 	C:\windows\system32\ole32.dll
0x000007fefd410000 - 0x000007fefd42a000 	C:\windows\system32\DEVOBJ.dll
0x000007fefb070000 - 0x000007fefb094000 	C:\Program Files\NVIDIA Corporation\CoProcManager\nvdxgiwrapx.dll
0x0000000065500000 - 0x00000000655d1000 	C:\Program Files\Java\jdk1.8.0_102\jre\bin\msvcr100.dll
0x0000000054a10000 - 0x00000000552aa000 	C:\Program Files\Java\jdk1.8.0_102\jre\bin\server\jvm.dll
0x000007fef6f40000 - 0x000007fef6f49000 	C:\windows\system32\WSOCK32.dll
0x000007fefe930000 - 0x000007fefe97d000 	C:\windows\system32\WS2_32.dll
0x000007fefdf70000 - 0x000007fefdf78000 	C:\windows\system32\NSI.dll
0x000007fefd620000 - 0x000007fefd65b000 	C:\windows\system32\WINMM.dll
0x00000000776b0000 - 0x00000000776b7000 	C:\windows\system32\PSAPI.DLL
0x000000006daf0000 - 0x000000006daff000 	C:\Program Files\Java\jdk1.8.0_102\jre\bin\verify.dll
0x00000000672f0000 - 0x0000000067319000 	C:\Program Files\Java\jdk1.8.0_102\jre\bin\java.dll
0x0000000066dc0000 - 0x0000000066de3000 	C:\Program Files\Java\jdk1.8.0_102\jre\bin\instrument.dll
0x000000006dad0000 - 0x000000006dae6000 	C:\Program Files\Java\jdk1.8.0_102\jre\bin\zip.dll
0x000007fefe980000 - 0x000007feff708000 	C:\windows\system32\SHELL32.dll
0x000007fefd1b0000 - 0x000007fefd1bf000 	C:\windows\system32\profapi.dll
0x000007feef6d0000 - 0x000007feef6ea000 	D:\IntelliJ IDEA 2017.3.1\bin\breakgen64.dll
0x0000000067350000 - 0x000000006736a000 	C:\Program Files\Java\jdk1.8.0_102\jre\bin\net.dll
0x000007fefc950000 - 0x000007fefc9a5000 	C:\windows\system32\mswsock.dll
0x000007fefc940000 - 0x000007fefc947000 	C:\windows\System32\wship6.dll
0x0000000068690000 - 0x000000006869d000 	C:\Program Files\Java\jdk1.8.0_102\jre\bin\management.dll
0x00000000672d0000 - 0x00000000672e1000 	C:\Program Files\Java\jdk1.8.0_102\jre\bin\nio.dll
0x000007fefbd60000 - 0x000007fefbd75000 	C:\windows\system32\NLAapi.dll
0x000007fef5880000 - 0x000007fef5895000 	C:\windows\system32\napinsp.dll
0x000007fef5860000 - 0x000007fef5879000 	C:\windows\system32\pnrpnsp.dll
0x000007fefc7d0000 - 0x000007fefc82b000 	C:\windows\system32\DNSAPI.dll
0x000007fef5850000 - 0x000007fef585b000 	C:\windows\System32\winrnr.dll
0x000007fef5840000 - 0x000007fef5850000 	C:\windows\system32\wshbth.dll
0x000007fefc340000 - 0x000007fefc347000 	C:\windows\System32\wshtcpip.dll
0x000007fefa340000 - 0x000007fefa367000 	C:\windows\system32\IPHLPAPI.DLL
0x000007fefa330000 - 0x000007fefa33b000 	C:\windows\system32\WINNSI.DLL
0x000007fef22c0000 - 0x000007fef22c8000 	C:\windows\system32\rasadhlp.dll
0x000007fef96a0000 - 0x000007fef96f3000 	C:\windows\System32\fwpuclnt.dll
0x000007fefc9b0000 - 0x000007fefc9c7000 	C:\windows\system32\CRYPTSP.dll
0x000007fefc6b0000 - 0x000007fefc6f7000 	C:\windows\system32\rsaenh.dll
0x000007fefc480000 - 0x000007fefc49e000 	C:\windows\system32\USERENV.dll
0x000007fefd090000 - 0x000007fefd09f000 	C:\windows\system32\CRYPTBASE.dll
0x000007fef9620000 - 0x000007fef9638000 	C:\windows\system32\dhcpcsvc.DLL
0x000007fef9600000 - 0x000007fef9611000 	C:\windows\system32\dhcpcsvc6.DLL
0x000007feeae80000 - 0x000007feeafa5000 	C:\windows\system32\dbghelp.dll

VM Arguments:
jvm_args: -XX:TieredStopAtLevel=1 -Xverify:none -Dspring.output.ansi.enabled=always -Dcom.sun.management.jmxremote -Dcom.sun.management.jmxremote.port=64288 -Dcom.sun.management.jmxremote.authenticate=false -Dcom.sun.management.jmxremote.ssl=false -Djava.rmi.server.hostname=localhost -Dspring.liveBeansView.mbeanDomain -Dspring.application.admin.enabled=true -javaagent:D:\IntelliJ IDEA 2017.3.1\lib\idea_rt.jar=64289:D:\IntelliJ IDEA 2017.3.1\bin -Dfile.encoding=UTF-8 
java_command: com.hhf.shopping.manage.ShoppingManageWebApplication
java_class_path (initial): C:\Program Files\Java\jdk1.8.0_102\jre\lib\charsets.jar;C:\Program Files\Java\jdk1.8.0_102\jre\lib\deploy.jar;C:\Program Files\Java\jdk1.8.0_102\jre\lib\ext\access-bridge-64.jar;C:\Program Files\Java\jdk1.8.0_102\jre\lib\ext\cldrdata.jar;C:\Program Files\Java\jdk1.8.0_102\jre\lib\ext\dnsns.jar;C:\Program Files\Java\jdk1.8.0_102\jre\lib\ext\jaccess.jar;C:\Program Files\Java\jdk1.8.0_102\jre\lib\ext\jfxrt.jar;C:\Program Files\Java\jdk1.8.0_102\jre\lib\ext\localedata.jar;C:\Program Files\Java\jdk1.8.0_102\jre\lib\ext\nashorn.jar;C:\Program Files\Java\jdk1.8.0_102\jre\lib\ext\sunec.jar;C:\Program Files\Java\jdk1.8.0_102\jre\lib\ext\sunjce_provider.jar;C:\Program Files\Java\jdk1.8.0_102\jre\lib\ext\sunmscapi.jar;C:\Program Files\Java\jdk1.8.0_102\jre\lib\ext\sunpkcs11.jar;C:\Program Files\Java\jdk1.8.0_102\jre\lib\ext\zipfs.jar;C:\Program Files\Java\jdk1.8.0_102\jre\lib\javaws.jar;C:\Program Files\Java\jdk1.8.0_102\jre\lib\jce.jar;C:\Program Files\Java\jdk1.8.0_102\jre\lib\jfr.jar;C:\Program Files\Java\jdk1.8.0_102\jre\lib\jfxswt.jar;C:\Program Files\Java\jdk1.8.0_102\jre\lib\jsse.jar;C:\Program Files\Java\jdk1.8.0_102\jre\lib\management-agent.jar;C:\Program Files\Java\jdk1.8.0_102\jre\lib\plugin.jar;C:\Program Files\Java\jdk1.8.0_102\jre\lib\resources.jar;C:\Program Files\Java\jdk1.8.0_102\jre\lib\rt.jar;D:\javayuanma\shopping\shopping-manage-web\target\classes;D:\javayuanma\shopping\shopping-web-util\target\classes;D:\javayuanma\shopping\shopping-common-util\target\classes;D:\apache-maven-3.3.9\repository\org\springframework\boot\spring-boot-starter-test\1.5.10.RELEASE\spring-boot-starter-test-1.5.10.RELEASE.jar;D:\apache-maven-3.3.9\repository\org\springframework\boot\spring-boot-test\1.5.10.RELEASE\spring-boot-test-1.5.10.RELEASE.jar;D:\apache-maven-3.3.9\repository\org\springframework\boot\spring-boot-test-autoconfigure\1.5.10.RELEASE\spring-boot-test-autoconfigure-1.5.10.RELEASE.jar;D:\apache-maven-3.3.9\repository\com\jayway\jsonpath\j
Launcher Type: SUN_STANDARD

Environment Variables:
JAVA_HOME=C:\Program Files\Java\jdk1.8.0_102
CLASSPATH=.;C:\Program Files\Java\jdk1.8.0_102\lib\dt.jar;
PATH=E:\apache-maven-3.3.9\bin;D:\apache-tomcat-8.5.40\lib;D:\apache-tomcat-8.5.40\bin;D:\protobuf-master\src;D:\oracle\app\Administrator\product\11.2.0\product\11.2.0\client_1\bin;D:\oracle\app\Administrator\product\11.2.0\dbhome_1\bin;C:\;rogram Files\apache-tomcat-6.0.16\bin;.;C:\Program Files\Java\jdk1.8.0_102\bin;C:\windows\system32;C:\windows;C:\windows\System32\WindowsPowerShell\v1.0\;C:\Program Files\MySQL\MySQL Server 5.5;C:\Program Files\MySQL\MySQL Server 5.5\bin;C:\windows\system32\wbem;E:\locatlinbanben\bin;E:\scala-2.11.8\bin;E:\svnRepository\Git\cmd;C:\Program Files\Git\cmd;C:\P;c:\Program Files (x86)\Microsoft SQL Server\100\Tools\Binn\;c:\Program Files\Microsoft SQL Server\100\Tools\Binn\;c:\Program Files\Microsoft SQL Server\100\DTS\Binn\;c:\Program Files (x86)\Microsoft SQL Server\100\Tools\Binn\VSShell\Common7\IDE\;c:\Program Files (x86)\Microsoft Visual Studio 9.0\Common7\IDE\PrivateAssemblies\;c:\Program Files (x86)\Microsoft SQL Server\100\DTS\Binn\;C:\Program Files\VisualSVN Server\bin;D:\;C:\Users\Administrator\AppData\Local\Programs\Python\Python36\Scripts\;C:\Users\Administrator\AppData\Local\Programs\Python\Python36\;E:\IntelliJ IDEA 2019.2.1\bin;;E:\vscode\Microsoft VS Code\bin;C:\Users\Administrator\AppData\Roaming\npm
USERNAME=Administrator
OS=Windows_NT
PROCESSOR_IDENTIFIER=Intel64 Family 6 Model 69 Stepping 1, GenuineIntel



---------------  S Y S T E M  ---------------

OS: Windows 7 , 64 bit Build 7601 (6.1.7601.24354)

CPU:total 4 (2 cores per cpu, 2 threads per core) family 6 model 69 stepping 1, cmov, cx8, fxsr, mmx, sse, sse2, sse3, ssse3, sse4.1, sse4.2, popcnt, avx, avx2, aes, clmul, erms, lzcnt, ht, tsc, tscinvbit, bmi1, bmi2

Memory: 4k page, physical 8290120k(917084k free), swap 16578336k(6398912k free)

vm_info: Java HotSpot(TM) 64-Bit Server VM (25.102-b14) for windows-amd64 JRE (1.8.0_102-b14), built on Jun 22 2016 13:15:21 by "java_re" with MS VC++ 10.0 (VS2010)

time: Sun Oct 06 20:30:54 2019
elapsed time: 3 seconds (0d 0h 0m 3s)

